2012/11/25 11:56:48 [error] [php] date(): It is not safe to rely on the system's timezone settings. You are *required* to use the date.timezone setting or the date_default_timezone_set() function. In case you used any of those methods and you are still getting this warning, you most likely misspelled the timezone identifier. We selected the timezone 'UTC' for now, but please set date.timezone to select your timezone. (D:\Program Files\Apache Group\Apache2\htdocs\myii\protected\views\layouts\main.php:50)
Stack trace:
#0 D:\Program Files\Apache Group\Apache2\htdocs\yii\framework\web\CBaseController.php(96): SiteController->renderInternal()
#1 D:\Program Files\Apache Group\Apache2\htdocs\yii\framework\web\widgets\CContentDecorator.php(77): SiteController->renderFile()
#2 D:\Program Files\Apache Group\Apache2\htdocs\yii\framework\web\widgets\CContentDecorator.php(55): CContentDecorator->decorate()
#3 D:\Program Files\Apache Group\Apache2\htdocs\yii\framework\web\widgets\COutputProcessor.php(45): CContentDecorator->processOutput()
#4 D:\Program Files\Apache Group\Apache2\htdocs\yii\framework\web\CBaseController.php(207): CContentDecorator->run()
#5 D:\Program Files\Apache Group\Apache2\htdocs\yii\framework\web\CBaseController.php(301): SiteController->endWidget()
#6 D:\Program Files\Apache Group\Apache2\htdocs\myii\protected\views\layouts\column1.php(5): SiteController->endContent()
#7 D:\Program Files\Apache Group\Apache2\htdocs\yii\framework\web\CBaseController.php(127): require()
#8 D:\Program Files\Apache Group\Apache2\htdocs\yii\framework\web\CBaseController.php(96): SiteController->renderInternal()
#9 D:\Program Files\Apache Group\Apache2\htdocs\yii\framework\web\CController.php(785): SiteController->renderFile()
#10 D:\Program Files\Apache Group\Apache2\htdocs\myii\protected\controllers\SiteController.php(32): SiteController->render()
#11 D:\Program Files\Apache Group\Apache2\htdocs\yii\framework\web\actions\CInlineAction.php(50): SiteController->actionIndex()
#12 D:\Program Files\Apache Group\Apache2\htdocs\yii\framework\web\CController.php(309): CInlineAction->runWithParams()
#13 D:\Program Files\Apache Group\Apache2\htdocs\yii\framework\web\CController.php(287): SiteController->runAction()
#14 D:\Program Files\Apache Group\Apache2\htdocs\yii\framework\web\CController.php(266): SiteController->runActionWithFilters()
#15 D:\Program Files\Apache Group\Apache2\htdocs\yii\framework\web\CWebApplication.php(276): SiteController->run()
#16 D:\Program Files\Apache Group\Apache2\htdocs\yii\framework\web\CWebApplication.php(135): CWebApplication->runController()
#17 D:\Program Files\Apache Group\Apache2\htdocs\yii\framework\base\CApplication.php(162): CWebApplication->processRequest()
#18 D:\Program Files\Apache Group\Apache2\htdocs\myii\index.php(13): CWebApplication->run()
REQUEST_URI=/myii/
in D:\Program Files\Apache Group\Apache2\htdocs\myii\protected\views\layouts\main.php (50)
in D:\Program Files\Apache Group\Apache2\htdocs\myii\protected\views\layouts\column1.php (5)
in D:\Program Files\Apache Group\Apache2\htdocs\myii\protected\controllers\SiteController.php (32)
2012/11/26 15:08:20 [error] [php] include(User.php): failed to open stream: No such file or directory (D:\Program Files\Apache Group\Apache2\htdocs\yii\framework\YiiBase.php:418)
Stack trace:
#0 D:\Program Files\Apache Group\Apache2\htdocs\myii\protected\components\UserIdentity.php(22): spl_autoload_call()
#1 D:\Program Files\Apache Group\Apache2\htdocs\myii\protected\models\LoginForm.php(52): UserIdentity->authenticate()
#2 D:\Program Files\Apache Group\Apache2\htdocs\yii\framework\validators\CInlineValidator.php(43): LoginForm->authenticate()
#3 D:\Program Files\Apache Group\Apache2\htdocs\yii\framework\validators\CValidator.php(197): CInlineValidator->validateAttribute()
#4 D:\Program Files\Apache Group\Apache2\htdocs\yii\framework\base\CModel.php(158): CInlineValidator->validate()
#5 D:\Program Files\Apache Group\Apache2\htdocs\myii\protected\controllers\SiteController.php(88): LoginForm->validate()
#6 D:\Program Files\Apache Group\Apache2\htdocs\yii\framework\web\actions\CInlineAction.php(50): SiteController->actionLogin()
#7 D:\Program Files\Apache Group\Apache2\htdocs\yii\framework\web\CController.php(309): CInlineAction->runWithParams()
#8 D:\Program Files\Apache Group\Apache2\htdocs\yii\framework\web\CController.php(287): SiteController->runAction()
#9 D:\Program Files\Apache Group\Apache2\htdocs\yii\framework\web\CController.php(266): SiteController->runActionWithFilters()
#10 D:\Program Files\Apache Group\Apache2\htdocs\yii\framework\web\CWebApplication.php(276): SiteController->run()
#11 D:\Program Files\Apache Group\Apache2\htdocs\yii\framework\web\CWebApplication.php(135): CWebApplication->runController()
#12 D:\Program Files\Apache Group\Apache2\htdocs\yii\framework\base\CApplication.php(162): CWebApplication->processRequest()
#13 D:\Program Files\Apache Group\Apache2\htdocs\myii\index.php(15): CWebApplication->run()
REQUEST_URI=/myii/index.php?r=site/login
in D:\Program Files\Apache Group\Apache2\htdocs\myii\protected\components\UserIdentity.php (22)
in D:\Program Files\Apache Group\Apache2\htdocs\myii\protected\models\LoginForm.php (52)
in D:\Program Files\Apache Group\Apache2\htdocs\myii\protected\controllers\SiteController.php (88)
2012/11/26 15:34:32 [error] [php] Object of class UserIdentity could not be converted to string (D:\Program Files\Apache Group\Apache2\htdocs\myii\protected\models\LoginForm.php:53)
Stack trace:
#0 D:\Program Files\Apache Group\Apache2\htdocs\yii\framework\base\CModel.php(158): CInlineValidator->validate()
#1 D:\Program Files\Apache Group\Apache2\htdocs\myii\protected\controllers\SiteController.php(88): LoginForm->validate()
#2 D:\Program Files\Apache Group\Apache2\htdocs\yii\framework\web\actions\CInlineAction.php(50): SiteController->actionLogin()
#3 D:\Program Files\Apache Group\Apache2\htdocs\yii\framework\web\CController.php(309): CInlineAction->runWithParams()
#4 D:\Program Files\Apache Group\Apache2\htdocs\yii\framework\web\CController.php(287): SiteController->runAction()
#5 D:\Program Files\Apache Group\Apache2\htdocs\yii\framework\web\CController.php(266): SiteController->runActionWithFilters()
#6 D:\Program Files\Apache Group\Apache2\htdocs\yii\framework\web\CWebApplication.php(276): SiteController->run()
#7 D:\Program Files\Apache Group\Apache2\htdocs\yii\framework\web\CWebApplication.php(135): CWebApplication->runController()
#8 D:\Program Files\Apache Group\Apache2\htdocs\yii\framework\base\CApplication.php(162): CWebApplication->processRequest()
#9 D:\Program Files\Apache Group\Apache2\htdocs\myii\index.php(15): CWebApplication->run()
REQUEST_URI=/myii/index.php?r=site/login
in D:\Program Files\Apache Group\Apache2\htdocs\myii\protected\models\LoginForm.php (53)
in D:\Program Files\Apache Group\Apache2\htdocs\myii\protected\controllers\SiteController.php (88)
in D:\Program Files\Apache Group\Apache2\htdocs\myii\index.php (15)
2012/11/26 15:35:47 [error] [php] Object of class UserIdentity could not be converted to string (D:\Program Files\Apache Group\Apache2\htdocs\myii\protected\models\LoginForm.php:53)
Stack trace:
#0 D:\Program Files\Apache Group\Apache2\htdocs\yii\framework\base\CModel.php(158): CInlineValidator->validate()
#1 D:\Program Files\Apache Group\Apache2\htdocs\myii\protected\controllers\SiteController.php(88): LoginForm->validate()
#2 D:\Program Files\Apache Group\Apache2\htdocs\yii\framework\web\actions\CInlineAction.php(50): SiteController->actionLogin()
#3 D:\Program Files\Apache Group\Apache2\htdocs\yii\framework\web\CController.php(309): CInlineAction->runWithParams()
#4 D:\Program Files\Apache Group\Apache2\htdocs\yii\framework\web\CController.php(287): SiteController->runAction()
#5 D:\Program Files\Apache Group\Apache2\htdocs\yii\framework\web\CController.php(266): SiteController->runActionWithFilters()
#6 D:\Program Files\Apache Group\Apache2\htdocs\yii\framework\web\CWebApplication.php(276): SiteController->run()
#7 D:\Program Files\Apache Group\Apache2\htdocs\yii\framework\web\CWebApplication.php(135): CWebApplication->runController()
#8 D:\Program Files\Apache Group\Apache2\htdocs\yii\framework\base\CApplication.php(162): CWebApplication->processRequest()
#9 D:\Program Files\Apache Group\Apache2\htdocs\myii\index.php(15): CWebApplication->run()
REQUEST_URI=/myii/index.php?r=site/login
in D:\Program Files\Apache Group\Apache2\htdocs\myii\protected\models\LoginForm.php (53)
in D:\Program Files\Apache Group\Apache2\htdocs\myii\protected\controllers\SiteController.php (88)
in D:\Program Files\Apache Group\Apache2\htdocs\myii\index.php (15)
2012/11/26 15:36:56 [error] [php] Object of class UserIdentity could not be converted to string (D:\Program Files\Apache Group\Apache2\htdocs\myii\protected\models\LoginForm.php:53)
Stack trace:
#0 D:\Program Files\Apache Group\Apache2\htdocs\yii\framework\base\CModel.php(158): CInlineValidator->validate()
#1 D:\Program Files\Apache Group\Apache2\htdocs\myii\protected\controllers\SiteController.php(88): LoginForm->validate()
#2 D:\Program Files\Apache Group\Apache2\htdocs\yii\framework\web\actions\CInlineAction.php(50): SiteController->actionLogin()
#3 D:\Program Files\Apache Group\Apache2\htdocs\yii\framework\web\CController.php(309): CInlineAction->runWithParams()
#4 D:\Program Files\Apache Group\Apache2\htdocs\yii\framework\web\CController.php(287): SiteController->runAction()
#5 D:\Program Files\Apache Group\Apache2\htdocs\yii\framework\web\CController.php(266): SiteController->runActionWithFilters()
#6 D:\Program Files\Apache Group\Apache2\htdocs\yii\framework\web\CWebApplication.php(276): SiteController->run()
#7 D:\Program Files\Apache Group\Apache2\htdocs\yii\framework\web\CWebApplication.php(135): CWebApplication->runController()
#8 D:\Program Files\Apache Group\Apache2\htdocs\yii\framework\base\CApplication.php(162): CWebApplication->processRequest()
#9 D:\Program Files\Apache Group\Apache2\htdocs\myii\index.php(15): CWebApplication->run()
REQUEST_URI=/myii/index.php?r=site/login
in D:\Program Files\Apache Group\Apache2\htdocs\myii\protected\models\LoginForm.php (53)
in D:\Program Files\Apache Group\Apache2\htdocs\myii\protected\controllers\SiteController.php (88)
in D:\Program Files\Apache Group\Apache2\htdocs\myii\index.php (15)
2013/03/04 11:37:56 [error] [php] json_decode() expects parameter 1 to be string, array given (D:\Program Files\Apache Group\Apache2\htdocs\yii\framework\web\helpers\CJSON.php:327)
Stack trace:
#0 D:\Program Files\Apache Group\Apache2\htdocs\yii\framework\web\actions\CInlineAction.php(50): SiteController->actionTest()
#1 D:\Program Files\Apache Group\Apache2\htdocs\yii\framework\web\CController.php(309): CInlineAction->runWithParams()
#2 D:\Program Files\Apache Group\Apache2\htdocs\yii\framework\web\CController.php(287): SiteController->runAction()
#3 D:\Program Files\Apache Group\Apache2\htdocs\yii\framework\web\CController.php(266): SiteController->runActionWithFilters()
#4 D:\Program Files\Apache Group\Apache2\htdocs\yii\framework\web\CWebApplication.php(276): SiteController->run()
#5 D:\Program Files\Apache Group\Apache2\htdocs\yii\framework\web\CWebApplication.php(135): CWebApplication->runController()
#6 D:\Program Files\Apache Group\Apache2\htdocs\yii\framework\base\CApplication.php(162): CWebApplication->processRequest()
#7 D:\Program Files\Apache Group\Apache2\htdocs\myii\index.php(15): CWebApplication->run()
REQUEST_URI=/myii/index.php?r=site/test
in D:\Program Files\Apache Group\Apache2\htdocs\myii\protected\controllers\SiteController.php (115)
in D:\Program Files\Apache Group\Apache2\htdocs\myii\index.php (15)
2013/03/04 11:42:14 [error] [php] json_decode() expects parameter 1 to be string, array given (D:\Program Files\Apache Group\Apache2\htdocs\yii\framework\web\helpers\CJSON.php:327)
Stack trace:
#0 D:\Program Files\Apache Group\Apache2\htdocs\yii\framework\web\actions\CInlineAction.php(50): SiteController->actionTest()
#1 D:\Program Files\Apache Group\Apache2\htdocs\yii\framework\web\CController.php(309): CInlineAction->runWithParams()
#2 D:\Program Files\Apache Group\Apache2\htdocs\yii\framework\web\CController.php(287): SiteController->runAction()
#3 D:\Program Files\Apache Group\Apache2\htdocs\yii\framework\web\CController.php(266): SiteController->runActionWithFilters()
#4 D:\Program Files\Apache Group\Apache2\htdocs\yii\framework\web\CWebApplication.php(276): SiteController->run()
#5 D:\Program Files\Apache Group\Apache2\htdocs\yii\framework\web\CWebApplication.php(135): CWebApplication->runController()
#6 D:\Program Files\Apache Group\Apache2\htdocs\yii\framework\base\CApplication.php(162): CWebApplication->processRequest()
#7 D:\Program Files\Apache Group\Apache2\htdocs\myii\index.php(15): CWebApplication->run()
REQUEST_URI=/myii/index.php?r=site/test
in D:\Program Files\Apache Group\Apache2\htdocs\myii\protected\controllers\SiteController.php (115)
in D:\Program Files\Apache Group\Apache2\htdocs\myii\index.php (15)
2013/03/04 11:42:30 [error] [php] json_decode() expects parameter 1 to be string, array given (D:\Program Files\Apache Group\Apache2\htdocs\yii\framework\web\helpers\CJSON.php:327)
Stack trace:
#0 D:\Program Files\Apache Group\Apache2\htdocs\yii\framework\web\actions\CInlineAction.php(50): SiteController->actionTest()
#1 D:\Program Files\Apache Group\Apache2\htdocs\yii\framework\web\CController.php(309): CInlineAction->runWithParams()
#2 D:\Program Files\Apache Group\Apache2\htdocs\yii\framework\web\CController.php(287): SiteController->runAction()
#3 D:\Program Files\Apache Group\Apache2\htdocs\yii\framework\web\CController.php(266): SiteController->runActionWithFilters()
#4 D:\Program Files\Apache Group\Apache2\htdocs\yii\framework\web\CWebApplication.php(276): SiteController->run()
#5 D:\Program Files\Apache Group\Apache2\htdocs\yii\framework\web\CWebApplication.php(135): CWebApplication->runController()
#6 D:\Program Files\Apache Group\Apache2\htdocs\yii\framework\base\CApplication.php(162): CWebApplication->processRequest()
#7 D:\Program Files\Apache Group\Apache2\htdocs\myii\index.php(15): CWebApplication->run()
REQUEST_URI=/myii/index.php?r=site/test
in D:\Program Files\Apache Group\Apache2\htdocs\myii\protected\controllers\SiteController.php (115)
in D:\Program Files\Apache Group\Apache2\htdocs\myii\index.php (15)
2013/03/04 11:45:24 [error] [php] json_decode() expects parameter 1 to be string, array given (D:\Program Files\Apache Group\Apache2\htdocs\yii\framework\web\helpers\CJSON.php:327)
Stack trace:
#0 D:\Program Files\Apache Group\Apache2\htdocs\yii\framework\web\actions\CInlineAction.php(50): SiteController->actionTest()
#1 D:\Program Files\Apache Group\Apache2\htdocs\yii\framework\web\CController.php(309): CInlineAction->runWithParams()
#2 D:\Program Files\Apache Group\Apache2\htdocs\yii\framework\web\CController.php(287): SiteController->runAction()
#3 D:\Program Files\Apache Group\Apache2\htdocs\yii\framework\web\CController.php(266): SiteController->runActionWithFilters()
#4 D:\Program Files\Apache Group\Apache2\htdocs\yii\framework\web\CWebApplication.php(276): SiteController->run()
#5 D:\Program Files\Apache Group\Apache2\htdocs\yii\framework\web\CWebApplication.php(135): CWebApplication->runController()
#6 D:\Program Files\Apache Group\Apache2\htdocs\yii\framework\base\CApplication.php(162): CWebApplication->processRequest()
#7 D:\Program Files\Apache Group\Apache2\htdocs\myii\index.php(15): CWebApplication->run()
REQUEST_URI=/myii/index.php?r=site/test
in D:\Program Files\Apache Group\Apache2\htdocs\myii\protected\controllers\SiteController.php (115)
in D:\Program Files\Apache Group\Apache2\htdocs\myii\index.php (15)
2013/03/04 12:15:27 [error] [php] json_decode() expects parameter 1 to be string, array given (D:\Program Files\Apache Group\Apache2\htdocs\yii\framework\web\helpers\CJSON.php:327)
Stack trace:
#0 D:\Program Files\Apache Group\Apache2\htdocs\yii\framework\web\actions\CInlineAction.php(50): SiteController->actionTest()
#1 D:\Program Files\Apache Group\Apache2\htdocs\yii\framework\web\CController.php(309): CInlineAction->runWithParams()
#2 D:\Program Files\Apache Group\Apache2\htdocs\yii\framework\web\CController.php(287): SiteController->runAction()
#3 D:\Program Files\Apache Group\Apache2\htdocs\yii\framework\web\CController.php(266): SiteController->runActionWithFilters()
#4 D:\Program Files\Apache Group\Apache2\htdocs\yii\framework\web\CWebApplication.php(276): SiteController->run()
#5 D:\Program Files\Apache Group\Apache2\htdocs\yii\framework\web\CWebApplication.php(135): CWebApplication->runController()
#6 D:\Program Files\Apache Group\Apache2\htdocs\yii\framework\base\CApplication.php(162): CWebApplication->processRequest()
#7 D:\Program Files\Apache Group\Apache2\htdocs\myii\index.php(15): CWebApplication->run()
REQUEST_URI=/myii/index.php?r=site/test
in D:\Program Files\Apache Group\Apache2\htdocs\myii\protected\controllers\SiteController.php (115)
in D:\Program Files\Apache Group\Apache2\htdocs\myii\index.php (15)
2013/03/05 18:29:58 [error] [exception.CHttpException.404] exception 'CHttpException' with message 'The system is unable to find the requested action "UpdateProfile".' in D:\Program Files\Apache Group\Apache2\htdocs\yii\framework\web\CController.php:484
Stack trace:
#0 D:\Program Files\Apache Group\Apache2\htdocs\yii\framework\web\CController.php(271): CController->missingAction('UpdateProfile')
#1 D:\Program Files\Apache Group\Apache2\htdocs\yii\framework\web\CWebApplication.php(276): CController->run('UpdateProfile')
#2 D:\Program Files\Apache Group\Apache2\htdocs\yii\framework\web\CWebApplication.php(135): CWebApplication->runController('webservice/Upda...')
#3 D:\Program Files\Apache Group\Apache2\htdocs\yii\framework\base\CApplication.php(162): CWebApplication->processRequest()
#4 E:\GitHub\DriverUnit\index.php(15): CApplication->run()
#5 {main}
REQUEST_URI=/GitHub/DriverUnit/index.php?r=webservice/UpdateProfile
---
2013/03/05 18:30:24 [error] [php] Use of undefined constant UpdateProfile - assumed 'UpdateProfile' (E:\GitHub\DriverUnit\protected\controllers\WebServiceController.php:104)
Stack trace:
#0 D:\Program Files\Apache Group\Apache2\htdocs\yii\framework\web\CController.php(287): WebServiceController->runAction()
#1 D:\Program Files\Apache Group\Apache2\htdocs\yii\framework\web\CController.php(266): WebServiceController->runActionWithFilters()
#2 D:\Program Files\Apache Group\Apache2\htdocs\yii\framework\web\CWebApplication.php(276): WebServiceController->run()
#3 D:\Program Files\Apache Group\Apache2\htdocs\yii\framework\web\CWebApplication.php(135): CWebApplication->runController()
#4 D:\Program Files\Apache Group\Apache2\htdocs\yii\framework\base\CApplication.php(162): CWebApplication->processRequest()
#5 E:\GitHub\DriverUnit\index.php(15): CWebApplication->run()
REQUEST_URI=/GitHub/DriverUnit/index.php?r=webservice/UpdateProfile
in E:\GitHub\DriverUnit\protected\controllers\WebServiceController.php (104)
in E:\GitHub\DriverUnit\index.php (15)
2013/03/05 18:39:59 [error] [php] Undefined index: curVer (E:\GitHub\DriverUnit\protected\controllers\WebServiceController.php:24)
Stack trace:
#0 D:\Program Files\Apache Group\Apache2\htdocs\yii\framework\web\CController.php(287): WebServiceController->runAction()
#1 D:\Program Files\Apache Group\Apache2\htdocs\yii\framework\web\CController.php(266): WebServiceController->runActionWithFilters()
#2 D:\Program Files\Apache Group\Apache2\htdocs\yii\framework\web\CWebApplication.php(276): WebServiceController->run()
#3 D:\Program Files\Apache Group\Apache2\htdocs\yii\framework\web\CWebApplication.php(135): CWebApplication->runController()
#4 D:\Program Files\Apache Group\Apache2\htdocs\yii\framework\base\CApplication.php(162): CWebApplication->processRequest()
#5 E:\GitHub\DriverUnit\index.php(15): CWebApplication->run()
REQUEST_URI=/GitHub/DriverUnit/index.php?r=webservice/CheckVersion
in E:\GitHub\DriverUnit\protected\controllers\WebServiceController.php (24)
in E:\GitHub\DriverUnit\index.php (15)
2013/03/05 18:40:43 [error] [php] Undefined index: curVer (E:\GitHub\DriverUnit\protected\controllers\WebServiceController.php:25)
Stack trace:
#0 D:\Program Files\Apache Group\Apache2\htdocs\yii\framework\web\CController.php(287): WebServiceController->runAction()
#1 D:\Program Files\Apache Group\Apache2\htdocs\yii\framework\web\CController.php(266): WebServiceController->runActionWithFilters()
#2 D:\Program Files\Apache Group\Apache2\htdocs\yii\framework\web\CWebApplication.php(276): WebServiceController->run()
#3 D:\Program Files\Apache Group\Apache2\htdocs\yii\framework\web\CWebApplication.php(135): CWebApplication->runController()
#4 D:\Program Files\Apache Group\Apache2\htdocs\yii\framework\base\CApplication.php(162): CWebApplication->processRequest()
#5 E:\GitHub\DriverUnit\index.php(15): CWebApplication->run()
REQUEST_URI=/GitHub/DriverUnit/index.php?r=webservice/CheckVersion
in E:\GitHub\DriverUnit\protected\controllers\WebServiceController.php (25)
in E:\GitHub\DriverUnit\index.php (15)
2013/03/05 18:41:37 [error] [php] Undefined index: curVer (E:\GitHub\DriverUnit\protected\controllers\WebServiceController.php:25)
Stack trace:
#0 D:\Program Files\Apache Group\Apache2\htdocs\yii\framework\web\CController.php(287): WebServiceController->runAction()
#1 D:\Program Files\Apache Group\Apache2\htdocs\yii\framework\web\CController.php(266): WebServiceController->runActionWithFilters()
#2 D:\Program Files\Apache Group\Apache2\htdocs\yii\framework\web\CWebApplication.php(276): WebServiceController->run()
#3 D:\Program Files\Apache Group\Apache2\htdocs\yii\framework\web\CWebApplication.php(135): CWebApplication->runController()
#4 D:\Program Files\Apache Group\Apache2\htdocs\yii\framework\base\CApplication.php(162): CWebApplication->processRequest()
#5 E:\GitHub\DriverUnit\index.php(15): CWebApplication->run()
REQUEST_URI=/GitHub/DriverUnit/index.php?r=webservice/CheckVersion
in E:\GitHub\DriverUnit\protected\controllers\WebServiceController.php (25)
in E:\GitHub\DriverUnit\index.php (15)
